<?xml version="1.0" encoding="UTF-8"?>
<testsuite xmlns:xsi="http://www.w3.org/2001/XMLSchema-instance" xsi:noNamespaceSchemaLocation="https://maven.apache.org/surefire/maven-surefire-plugin/xsd/surefire-test-report.xsd" name="org.example.CalcTest" time="0.029" tests="2" errors="0" skipped="0" failures="1">
  <properties>
    <property name="java.specification.version" value="18"/>
    <property name="sun.cpu.isalist" value="amd64"/>
    <property name="sun.jnu.encoding" value="GBK"/>
    <property name="java.class.path" value="E:\tutorial4\target\test-classes;E:\tutorial4\target\classes;d:\maven-repo\org\junit\jupiter\junit-jupiter-engine\5.4.0\junit-jupiter-engine-5.4.0.jar;d:\maven-repo\org\apiguardian\apiguardian-api\1.0.0\apiguardian-api-1.0.0.jar;d:\maven-repo\org\junit\platform\junit-platform-engine\1.4.0\junit-platform-engine-1.4.0.jar;d:\maven-repo\org\opentest4j\opentest4j\1.1.1\opentest4j-1.1.1.jar;d:\maven-repo\org\junit\platform\junit-platform-commons\1.4.0\junit-platform-commons-1.4.0.jar;d:\maven-repo\org\junit\jupiter\junit-jupiter-api\5.4.0\junit-jupiter-api-5.4.0.jar;d:\maven-repo\org\junit\jupiter\junit-jupiter\5.9.1\junit-jupiter-5.9.1.jar;d:\maven-repo\org\junit\jupiter\junit-jupiter-params\5.9.1\junit-jupiter-params-5.9.1.jar;"/>
    <property name="java.vm.vendor" value="Oracle Corporation"/>
    <property name="sun.arch.data.model" value="64"/>
    <property name="user.variant" value=""/>
    <property name="java.vendor.url" value="https://java.oracle.com/"/>
    <property name="user.timezone" value="Asia/Shanghai"/>
    <property name="os.name" value="Windows 11"/>
    <property name="java.vm.specification.version" value="18"/>
    <property name="sun.java.launcher" value="SUN_STANDARD"/>
    <property name="user.country" value="CN"/>
    <property name="sun.boot.library.path" value="E:\jdk\bin"/>
    <property name="sun.java.command" value="C:\Users\LLL\AppData\Local\Temp\surefire16795090027885595818\surefirebooter7010863052397269808.jar C:\Users\LLL\AppData\Local\Temp\surefire16795090027885595818 2022-10-06T14-56-47_272-jvmRun1 surefire5722611207195769225tmp surefire_01705755920637504436tmp"/>
    <property name="jdk.debug" value="release"/>
    <property name="surefire.test.class.path" value="E:\tutorial4\target\test-classes;E:\tutorial4\target\classes;d:\maven-repo\org\junit\jupiter\junit-jupiter-engine\5.4.0\junit-jupiter-engine-5.4.0.jar;d:\maven-repo\org\apiguardian\apiguardian-api\1.0.0\apiguardian-api-1.0.0.jar;d:\maven-repo\org\junit\platform\junit-platform-engine\1.4.0\junit-platform-engine-1.4.0.jar;d:\maven-repo\org\opentest4j\opentest4j\1.1.1\opentest4j-1.1.1.jar;d:\maven-repo\org\junit\platform\junit-platform-commons\1.4.0\junit-platform-commons-1.4.0.jar;d:\maven-repo\org\junit\jupiter\junit-jupiter-api\5.4.0\junit-jupiter-api-5.4.0.jar;d:\maven-repo\org\junit\jupiter\junit-jupiter\5.9.1\junit-jupiter-5.9.1.jar;d:\maven-repo\org\junit\jupiter\junit-jupiter-params\5.9.1\junit-jupiter-params-5.9.1.jar;"/>
    <property name="sun.cpu.endian" value="little"/>
    <property name="user.home" value="C:\Users\LLL"/>
    <property name="user.language" value="zh"/>
    <property name="java.specification.vendor" value="Oracle Corporation"/>
    <property name="java.version.date" value="2022-08-18"/>
    <property name="java.home" value="E:\jdk"/>
    <property name="file.separator" value="\"/>
    <property name="basedir" value="E:\tutorial4"/>
    <property name="java.vm.compressedOopsMode" value="32-bit"/>
    <property name="line.separator" value="&#10;"/>
    <property name="java.vm.specification.vendor" value="Oracle Corporation"/>
    <property name="java.specification.name" value="Java Platform API Specification"/>
    <property name="surefire.real.class.path" value="C:\Users\LLL\AppData\Local\Temp\surefire16795090027885595818\surefirebooter7010863052397269808.jar"/>
    <property name="user.script" value=""/>
    <property name="sun.management.compiler" value="HotSpot 64-Bit Tiered Compilers"/>
    <property name="java.runtime.version" value="18.0.2.1+1-1"/>
    <property name="user.name" value="LLL"/>
    <property name="path.separator" value=";"/>
    <property name="os.version" value="10.0"/>
    <property name="java.runtime.name" value="Java(TM) SE Runtime Environment"/>
    <property name="file.encoding" value="UTF-8"/>
    <property name="java.vm.name" value="Java HotSpot(TM) 64-Bit Server VM"/>
    <property name="localRepository" value="d:\maven-repo"/>
    <property name="java.vendor.url.bug" value="https://bugreport.java.com/bugreport/"/>
    <property name="java.io.tmpdir" value="C:\Users\LLL\AppData\Local\Temp\"/>
    <property name="java.version" value="18.0.2.1"/>
    <property name="user.dir" value="E:\tutorial4"/>
    <property name="os.arch" value="amd64"/>
    <property name="java.vm.specification.name" value="Java Virtual Machine Specification"/>
    <property name="sun.os.patch.level" value=""/>
    <property name="native.encoding" value="GBK"/>
    <property name="java.library.path" value="E:\jdk\bin;C:\WINDOWS\Sun\Java\bin;C:\WINDOWS\system32;C:\WINDOWS;C:\Users\LLL\bin;D:\Git\mingw64\bin;D:\Git\usr\local\bin;D:\Git\usr\bin;D:\Git\usr\bin;D:\Git\mingw64\bin;D:\Git\usr\bin;C:\Users\LLL\bin;C:\Windows\system32;C:\Windows;C:\Windows\System32\Wbem;C:\Windows\System32\WindowsPowerShell\v1.0;C:\Windows\System32\OpenSSH;C:\Program Files\NVIDIA Corporation\NVIDIA NvDLISR;C:\WINDOWS\system32;C:\WINDOWS;C:\WINDOWS\System32\Wbem;C:\WINDOWS\System32\WindowsPowerShell\v1.0;C:\WINDOWS\System32\OpenSSH;C:\Program Files\dotnet;C:\Program Files\Bandizip;D:\Microsoft VS Code\bin;C:\Program Files\nodejs\New Folder;E:\Maven\apache-maven-3.8.6-bin\bin;E:\jdk\bin;D:\Git\cmd;C:\Users\LLL\AppData\Local\Programs\Python\Python310;C:\Users\LLL\AppData\Local\Microsoft\WindowsApps;E:\CLion 2020.2.3\bin;C:\Users\LLL\AppData\Roaming\npm;C:\Users\LLL\AppData\Local\Programs\Python\Python310;E:\PyCharm Community Edition 2022.2.1\bin;D:\Git\usr\bin\vendor_perl;D:\Git\usr\bin\core_perl;."/>
    <property name="java.vm.info" value="mixed mode, sharing"/>
    <property name="java.vendor" value="Oracle Corporation"/>
    <property name="java.vm.version" value="18.0.2.1+1-1"/>
    <property name="sun.io.unicode.encoding" value="UnicodeLittle"/>
    <property name="java.class.version" value="62.0"/>
  </properties>
  <testcase name="testSubtract" classname="org.example.CalcTest" time="0.024">
    <failure message="expected: &lt;2&gt; but was: &lt;6&gt;" type="org.opentest4j.AssertionFailedError"><![CDATA[org.opentest4j.AssertionFailedError: expected: <2> but was: <6>
	at org.example.CalcTest.testSubtract(CalcTest.java:15)
]]></failure>
  </testcase>
  <testcase name="testAddition" classname="org.example.CalcTest" time="0"/>
</testsuite>